# JRE version: Java(TM) SE Runtime Environment (8.0_60-b27) (build 1.8.0_60-b27)
# Java VM: Java HotSpot(TM) 64-Bit Server VM (25.60-b23 mixed mode windows-amd64 compressed oops)
Heap:
 PSYoungGen      total 66560K, used 30270K [0x00000000eb700000, 0x00000000eff80000, 0x0000000100000000)
  eden space 59904K, 40% used [0x00000000eb700000,0x00000000ececa178,0x00000000ef180000)
  from space 6656K, 88% used [0x00000000ef180000,0x00000000ef7457b8,0x00000000ef800000)
  to   space 6656K, 0% used [0x00000000ef800000,0x00000000ef800000,0x00000000efe80000)
 ParOldGen       total 33792K, used 14894K [0x00000000c2400000, 0x00000000c4500000, 0x00000000eb700000)
  object space 33792K, 44% used [0x00000000c2400000,0x00000000c328bab0,0x00000000c4500000)
 Metaspace       used 34565K, capacity 35218K, committed 35456K, reserved 1079296K
  class space    used 4697K, capacity 4882K, committed 4992K, reserved 1048576K
GC Heap History (10 events):
Event: 16.253 GC heap before
{Heap before GC invocations=10 (full 1):
 PSYoungGen      total 37376K, used 3003K [0x00000000eb700000, 0x00000000ef480000, 0x0000000100000000)
  eden space 30208K, 0% used [0x00000000eb700000,0x00000000eb700000,0x00000000ed480000)
  from space 7168K, 41% used [0x00000000ed480000,0x00000000ed76ed78,0x00000000edb80000)
  to   space 7168K, 0% used [0x00000000eed80000,0x00000000eed80000,0x00000000ef480000)
 ParOldGen       total 42496K, used 9812K [0x00000000c2400000, 0x00000000c4d80000, 0x00000000eb700000)
  object space 42496K, 23% used [0x00000000c2400000,0x00000000c2d95208,0x00000000c4d80000)
 Metaspace       used 20993K, capacity 21224K, committed 21296K, reserved 1067008K
  class space    used 2868K, capacity 2934K, committed 2944K, reserved 1048576K
Event: 16.428 GC heap after
Heap after GC invocations=10 (full 1):
 PSYoungGen      total 37376K, used 0K [0x00000000eb700000, 0x00000000ef480000, 0x0000000100000000)
  eden space 30208K, 0% used [0x00000000eb700000,0x00000000eb700000,0x00000000ed480000)
  from space 7168K, 0% used [0x00000000ed480000,0x00000000ed480000,0x00000000edb80000)
  to   space 7168K, 0% used [0x00000000eed80000,0x00000000eed80000,0x00000000ef480000)
 ParOldGen       total 33792K, used 9957K [0x00000000c2400000, 0x00000000c4500000, 0x00000000eb700000)
  object space 33792K, 29% used [0x00000000c2400000,0x00000000c2db9528,0x00000000c4500000)
 Metaspace       used 20993K, capacity 21224K, committed 21296K, reserved 1067008K
  class space    used 2868K, capacity 2934K, committed 2944K, reserved 1048576K
}
Event: 17.371 GC heap before
{Heap before GC invocations=11 (full 1):
 PSYoungGen      total 37376K, used 30208K [0x00000000eb700000, 0x00000000ef480000, 0x0000000100000000)
  eden space 30208K, 100% used [0x00000000eb700000,0x00000000ed480000,0x00000000ed480000)
  from space 7168K, 0% used [0x00000000ed480000,0x00000000ed480000,0x00000000edb80000)
  to   space 7168K, 0% used [0x00000000eed80000,0x00000000eed80000,0x00000000ef480000)
 ParOldGen       total 33792K, used 9957K [0x00000000c2400000, 0x00000000c4500000, 0x00000000eb700000)
  object space 33792K, 29% used [0x00000000c2400000,0x00000000c2db9528,0x00000000c4500000)
 Metaspace       used 23190K, capacity 23492K, committed 23552K, reserved 1069056K
  class space    used 3220K, capacity 3324K, committed 3328K, reserved 1048576K
Event: 17.381 GC heap after
Heap after GC invocations=11 (full 1):
 PSYoungGen      total 46592K, used 3267K [0x00000000eb700000, 0x00000000ef100000, 0x0000000100000000)
  eden space 43008K, 0% used [0x00000000eb700000,0x00000000eb700000,0x00000000ee100000)
  from space 3584K, 91% used [0x00000000eed80000,0x00000000ef0b0d48,0x00000000ef100000)
  to   space 7168K, 0% used [0x00000000ee300000,0x00000000ee300000,0x00000000eea00000)
 ParOldGen       total 33792K, used 9957K [0x00000000c2400000, 0x00000000c4500000, 0x00000000eb700000)
  object space 33792K, 29% used [0x00000000c2400000,0x00000000c2db9528,0x00000000c4500000)
 Metaspace       used 23190K, capacity 23492K, committed 23552K, reserved 1069056K
  class space    used 3220K, capacity 3324K, committed 3328K, reserved 1048576K
}
Event: 19.209 GC heap before
{Heap before GC invocations=12 (full 1):
 PSYoungGen      total 46592K, used 46275K [0x00000000eb700000, 0x00000000ef100000, 0x0000000100000000)
  eden space 43008K, 100% used [0x00000000eb700000,0x00000000ee100000,0x00000000ee100000)
  from space 3584K, 91% used [0x00000000eed80000,0x00000000ef0b0d48,0x00000000ef100000)
  to   space 7168K, 0% used [0x00000000ee300000,0x00000000ee300000,0x00000000eea00000)
 ParOldGen       total 33792K, used 9957K [0x00000000c2400000, 0x00000000c4500000, 0x00000000eb700000)
  object space 33792K, 29% used [0x00000000c2400000,0x00000000c2db9528,0x00000000c4500000)
 Metaspace       used 26125K, capacity 26510K, committed 26880K, reserved 1073152K
  class space    used 3627K, capacity 3753K, committed 3840K, reserved 1048576K
Event: 19.225 GC heap after
Heap after GC invocations=12 (full 1):
 PSYoungGen      total 52224K, used 3739K [0x00000000eb700000, 0x00000000efe80000, 0x0000000100000000)
  eden space 45056K, 0% used [0x00000000eb700000,0x00000000eb700000,0x00000000ee300000)
  from space 7168K, 52% used [0x00000000ee300000,0x00000000ee6a6d90,0x00000000eea00000)
  to   space 6656K, 0% used [0x00000000ef800000,0x00000000ef800000,0x00000000efe80000)
 ParOldGen       total 33792K, used 11097K [0x00000000c2400000, 0x00000000c4500000, 0x00000000eb700000)
  object space 33792K, 32% used [0x00000000c2400000,0x00000000c2ed6538,0x00000000c4500000)
 Metaspace       used 26125K, capacity 26510K, committed 26880K, reserved 1073152K
  class space    used 3627K, capacity 3753K, committed 3840K, reserved 1048576K
}
Event: 30.160 GC heap before
{Heap before GC invocations=13 (full 1):
 PSYoungGen      total 52224K, used 48795K [0x00000000eb700000, 0x00000000efe80000, 0x0000000100000000)
  eden space 45056K, 100% used [0x00000000eb700000,0x00000000ee300000,0x00000000ee300000)
  from space 7168K, 52% used [0x00000000ee300000,0x00000000ee6a6d90,0x00000000eea00000)
  to   space 6656K, 0% used [0x00000000ef800000,0x00000000ef800000,0x00000000efe80000)
 ParOldGen       total 33792K, used 11097K [0x00000000c2400000, 0x00000000c4500000, 0x00000000eb700000)
  object space 33792K, 32% used [0x00000000c2400000,0x00000000c2ed6538,0x00000000c4500000)
 Metaspace       used 29871K, capacity 30456K, committed 30720K, reserved 1075200K
  class space    used 4080K, capacity 4242K, committed 4352K, reserved 1048576K
Event: 30.170 GC heap after
Heap after GC invocations=13 (full 1):
 PSYoungGen      total 66560K, used 4938K [0x00000000eb700000, 0x00000000eff80000, 0x0000000100000000)
  eden space 59904K, 0% used [0x00000000eb700000,0x00000000eb700000,0x00000000ef180000)
  from space 6656K, 74% used [0x00000000ef800000,0x00000000efcd2b40,0x00000000efe80000)
  to   space 6656K, 0% used [0x00000000ef180000,0x00000000ef180000,0x00000000ef800000)
 ParOldGen       total 33792K, used 12305K [0x00000000c2400000, 0x00000000c4500000, 0x00000000eb700000)
  object space 33792K, 36% used [0x00000000c2400000,0x00000000c3004548,0x00000000c4500000)
 Metaspace       used 29871K, capacity 30456K, committed 30720K, reserved 1075200K
  class space    used 4080K, capacity 4242K, committed 4352K, reserved 1048576K
}
Event: 32.259 GC heap before
{Heap before GC invocations=14 (full 1):
 PSYoungGen      total 66560K, used 64842K [0x00000000eb700000, 0x00000000eff80000, 0x0000000100000000)
  eden space 59904K, 100% used [0x00000000eb700000,0x00000000ef180000,0x00000000ef180000)
  from space 6656K, 74% used [0x00000000ef800000,0x00000000efcd2b40,0x00000000efe80000)
  to   space 6656K, 0% used [0x00000000ef180000,0x00000000ef180000,0x00000000ef800000)
 ParOldGen       total 33792K, used 12305K [0x00000000c2400000, 0x00000000c4500000, 0x00000000eb700000)
  object space 33792K, 36% used [0x00000000c2400000,0x00000000c3004548,0x00000000c4500000)
 Metaspace       used 33941K, capacity 34502K, committed 34688K, reserved 1079296K
  class space    used 4599K, capacity 4731K, committed 4736K, reserved 1048576K
Event: 32.289 GC heap after
Heap after GC invocations=14 (full 1):
 PSYoungGen      total 66560K, used 5909K [0x00000000eb700000, 0x00000000eff80000, 0x0000000100000000)
  eden space 59904K, 0% used [0x00000000eb700000,0x00000000eb700000,0x00000000ef180000)
  from space 6656K, 88% used [0x00000000ef180000,0x00000000ef7457b8,0x00000000ef800000)
  to   space 6656K, 0% used [0x00000000ef800000,0x00000000ef800000,0x00000000efe80000)
 ParOldGen       total 33792K, used 14894K [0x00000000c2400000, 0x00000000c4500000, 0x00000000eb700000)
  object space 33792K, 44% used [0x00000000c2400000,0x00000000c328bab0,0x00000000c4500000)
 Metaspace       used 33941K, capacity 34502K, committed 34688K, reserved 1079296K
  class space    used 4599K, capacity 4731K, committed 4736K, reserved 1048576K
}

