# JRE version: Java(TM) SE Runtime Environment (8.0_60-b27) (build 1.8.0_60-b27)
# Java VM: Java HotSpot(TM) 64-Bit Server VM (25.60-b23 mixed mode windows-amd64 compressed oops)
Heap:
 PSYoungGen      total 46080K, used 35224K [0x00000000eb700000, 0x00000000ef680000, 0x0000000100000000)
  eden space 39424K, 79% used [0x00000000eb700000,0x00000000ed5a0830,0x00000000edd80000)
  from space 6656K, 58% used [0x00000000edd80000,0x00000000ee145b88,0x00000000ee400000)
  to   space 6656K, 0% used [0x00000000ef000000,0x00000000ef000000,0x00000000ef680000)
 ParOldGen       total 43008K, used 19909K [0x00000000c2400000, 0x00000000c4e00000, 0x00000000eb700000)
  object space 43008K, 46% used [0x00000000c2400000,0x00000000c37714e8,0x00000000c4e00000)
 Metaspace       used 41092K, capacity 41886K, committed 41984K, reserved 1085440K
  class space    used 5572K, capacity 5813K, committed 5888K, reserved 1048576K
GC Heap History (10 events):
Event: 70.712 GC heap before
{Heap before GC invocations=19 (full 1):
 PSYoungGen      total 30720K, used 25177K [0x00000000eb700000, 0x00000000edf80000, 0x0000000100000000)
  eden space 24064K, 100% used [0x00000000eb700000,0x00000000ece80000,0x00000000ece80000)
  from space 6656K, 16% used [0x00000000ece80000,0x00000000ecf964c0,0x00000000ed500000)
  to   space 6656K, 0% used [0x00000000ed900000,0x00000000ed900000,0x00000000edf80000)
 ParOldGen       total 29184K, used 15439K [0x00000000c2400000, 0x00000000c4080000, 0x00000000eb700000)
  object space 29184K, 52% used [0x00000000c2400000,0x00000000c3313f88,0x00000000c4080000)
 Metaspace       used 34067K, capacity 34662K, committed 35072K, reserved 1079296K
  class space    used 4623K, capacity 4763K, committed 4864K, reserved 1048576K
Event: 70.742 GC heap after
Heap after GC invocations=19 (full 1):
 PSYoungGen      total 35328K, used 3136K [0x00000000eb700000, 0x00000000ee280000, 0x0000000100000000)
  eden space 28672K, 0% used [0x00000000eb700000,0x00000000eb700000,0x00000000ed300000)
  from space 6656K, 47% used [0x00000000ed900000,0x00000000edc102a8,0x00000000edf80000)
  to   space 6144K, 0% used [0x00000000ed300000,0x00000000ed300000,0x00000000ed900000)
 ParOldGen       total 29184K, used 16391K [0x00000000c2400000, 0x00000000c4080000, 0x00000000eb700000)
  object space 29184K, 56% used [0x00000000c2400000,0x00000000c3401f88,0x00000000c4080000)
 Metaspace       used 34067K, capacity 34662K, committed 35072K, reserved 1079296K
  class space    used 4623K, capacity 4763K, committed 4864K, reserved 1048576K
}
Event: 71.888 GC heap before
{Heap before GC invocations=20 (full 1):
 PSYoungGen      total 35328K, used 31808K [0x00000000eb700000, 0x00000000ee280000, 0x0000000100000000)
  eden space 28672K, 100% used [0x00000000eb700000,0x00000000ed300000,0x00000000ed300000)
  from space 6656K, 47% used [0x00000000ed900000,0x00000000edc102a8,0x00000000edf80000)
  to   space 6144K, 0% used [0x00000000ed300000,0x00000000ed300000,0x00000000ed900000)
 ParOldGen       total 29184K, used 16391K [0x00000000c2400000, 0x00000000c4080000, 0x00000000eb700000)
  object space 29184K, 56% used [0x00000000c2400000,0x00000000c3401f88,0x00000000c4080000)
 Metaspace       used 34548K, capacity 35260K, committed 35456K, reserved 1079296K
  class space    used 4703K, capacity 4919K, committed 4992K, reserved 1048576K
Event: 71.931 GC heap after
Heap after GC invocations=20 (full 1):
 PSYoungGen      total 34816K, used 4311K [0x00000000eb700000, 0x00000000eea80000, 0x0000000100000000)
  eden space 28672K, 0% used [0x00000000eb700000,0x00000000eb700000,0x00000000ed300000)
  from space 6144K, 70% used [0x00000000ed300000,0x00000000ed735c18,0x00000000ed900000)
  to   space 6656K, 0% used [0x00000000ee400000,0x00000000ee400000,0x00000000eea80000)
 ParOldGen       total 29184K, used 17952K [0x00000000c2400000, 0x00000000c4080000, 0x00000000eb700000)
  object space 29184K, 61% used [0x00000000c2400000,0x00000000c3588038,0x00000000c4080000)
 Metaspace       used 34548K, capacity 35260K, committed 35456K, reserved 1079296K
  class space    used 4703K, capacity 4919K, committed 4992K, reserved 1048576K
}
Event: 72.248 GC heap before
{Heap before GC invocations=21 (full 1):
 PSYoungGen      total 34816K, used 15154K [0x00000000eb700000, 0x00000000eea80000, 0x0000000100000000)
  eden space 28672K, 37% used [0x00000000eb700000,0x00000000ec196e00,0x00000000ed300000)
  from space 6144K, 70% used [0x00000000ed300000,0x00000000ed735c18,0x00000000ed900000)
  to   space 6656K, 0% used [0x00000000ee400000,0x00000000ee400000,0x00000000eea80000)
 ParOldGen       total 29184K, used 17952K [0x00000000c2400000, 0x00000000c4080000, 0x00000000eb700000)
  object space 29184K, 61% used [0x00000000c2400000,0x00000000c3588038,0x00000000c4080000)
 Metaspace       used 34746K, capacity 35336K, committed 35456K, reserved 1079296K
  class space    used 4734K, capacity 4922K, committed 4992K, reserved 1048576K
Event: 72.276 GC heap after
Heap after GC invocations=21 (full 1):
 PSYoungGen      total 46080K, used 1056K [0x00000000eb700000, 0x00000000eeb00000, 0x0000000100000000)
  eden space 39424K, 0% used [0x00000000eb700000,0x00000000eb700000,0x00000000edd80000)
  from space 6656K, 15% used [0x00000000ee400000,0x00000000ee508000,0x00000000eea80000)
  to   space 6656K, 0% used [0x00000000edd80000,0x00000000edd80000,0x00000000ee400000)
 ParOldGen       total 29184K, used 21902K [0x00000000c2400000, 0x00000000c4080000, 0x00000000eb700000)
  object space 29184K, 75% used [0x00000000c2400000,0x00000000c39638f0,0x00000000c4080000)
 Metaspace       used 34746K, capacity 35336K, committed 35456K, reserved 1079296K
  class space    used 4734K, capacity 4922K, committed 4992K, reserved 1048576K
}
Event: 72.276 GC heap before
{Heap before GC invocations=22 (full 2):
 PSYoungGen      total 46080K, used 1056K [0x00000000eb700000, 0x00000000eeb00000, 0x0000000100000000)
  eden space 39424K, 0% used [0x00000000eb700000,0x00000000eb700000,0x00000000edd80000)
  from space 6656K, 15% used [0x00000000ee400000,0x00000000ee508000,0x00000000eea80000)
  to   space 6656K, 0% used [0x00000000edd80000,0x00000000edd80000,0x00000000ee400000)
 ParOldGen       total 29184K, used 21902K [0x00000000c2400000, 0x00000000c4080000, 0x00000000eb700000)
  object space 29184K, 75% used [0x00000000c2400000,0x00000000c39638f0,0x00000000c4080000)
 Metaspace       used 34746K, capacity 35336K, committed 35456K, reserved 1079296K
  class space    used 4734K, capacity 4922K, committed 4992K, reserved 1048576K
Event: 72.598 GC heap after
Heap after GC invocations=22 (full 2):
 PSYoungGen      total 46080K, used 0K [0x00000000eb700000, 0x00000000eeb00000, 0x0000000100000000)
  eden space 39424K, 0% used [0x00000000eb700000,0x00000000eb700000,0x00000000edd80000)
  from space 6656K, 0% used [0x00000000ee400000,0x00000000ee400000,0x00000000eea80000)
  to   space 6656K, 0% used [0x00000000edd80000,0x00000000edd80000,0x00000000ee400000)
 ParOldGen       total 43008K, used 19901K [0x00000000c2400000, 0x00000000c4e00000, 0x00000000eb700000)
  object space 43008K, 46% used [0x00000000c2400000,0x00000000c376f4e8,0x00000000c4e00000)
 Metaspace       used 34746K, capacity 35336K, committed 35456K, reserved 1079296K
  class space    used 4734K, capacity 4922K, committed 4992K, reserved 1048576K
}
Event: 82.961 GC heap before
{Heap before GC invocations=23 (full 2):
 PSYoungGen      total 46080K, used 39424K [0x00000000eb700000, 0x00000000eeb00000, 0x0000000100000000)
  eden space 39424K, 100% used [0x00000000eb700000,0x00000000edd80000,0x00000000edd80000)
  from space 6656K, 0% used [0x00000000ee400000,0x00000000ee400000,0x00000000eea80000)
  to   space 6656K, 0% used [0x00000000edd80000,0x00000000edd80000,0x00000000ee400000)
 ParOldGen       total 43008K, used 19901K [0x00000000c2400000, 0x00000000c4e00000, 0x00000000eb700000)
  object space 43008K, 46% used [0x00000000c2400000,0x00000000c376f4e8,0x00000000c4e00000)
 Metaspace       used 40528K, capacity 41258K, committed 41344K, reserved 1085440K
  class space    used 5522K, capacity 5757K, committed 5760K, reserved 1048576K
Event: 82.969 GC heap after
Heap after GC invocations=23 (full 2):
 PSYoungGen      total 46080K, used 3862K [0x00000000eb700000, 0x00000000ef680000, 0x0000000100000000)
  eden space 39424K, 0% used [0x00000000eb700000,0x00000000eb700000,0x00000000edd80000)
  from space 6656K, 58% used [0x00000000edd80000,0x00000000ee145b88,0x00000000ee400000)
  to   space 6656K, 0% used [0x00000000ef000000,0x00000000ef000000,0x00000000ef680000)
 ParOldGen       total 43008K, used 19909K [0x00000000c2400000, 0x00000000c4e00000, 0x00000000eb700000)
  object space 43008K, 46% used [0x00000000c2400000,0x00000000c37714e8,0x00000000c4e00000)
 Metaspace       used 40528K, capacity 41258K, committed 41344K, reserved 1085440K
  class space    used 5522K, capacity 5757K, committed 5760K, reserved 1048576K
}

